2025-06-21 14:44:12 - groupbuy - INFO - Logging initialized - Level: INFO
2025-06-21 14:44:12 - groupbuy - INFO - Log file: logs/groupbuy_20250621.log
2025-06-21 14:44:12 - groupbuy - INFO - Starting Group Buying API based on GBGCN...
2025-06-21 14:44:12 - sqlalchemy.engine.Engine - INFO - select pg_catalog.version()
2025-06-21 14:44:12 - sqlalchemy.engine.Engine - INFO - [raw sql] ()
2025-06-21 14:44:12 - sqlalchemy.engine.Engine - INFO - select current_schema()
2025-06-21 14:44:12 - sqlalchemy.engine.Engine - INFO - [raw sql] ()
2025-06-21 14:44:12 - sqlalchemy.engine.Engine - INFO - show standard_conforming_strings
2025-06-21 14:44:12 - sqlalchemy.engine.Engine - INFO - [raw sql] ()
2025-06-21 14:44:12 - sqlalchemy.engine.Engine - INFO - BEGIN (implicit)
2025-06-21 14:44:12 - sqlalchemy.engine.Engine - INFO - SELECT pg_catalog.pg_class.relname 
FROM pg_catalog.pg_class JOIN pg_catalog.pg_namespace ON pg_catalog.pg_namespace.oid = pg_catalog.pg_class.relnamespace 
WHERE pg_catalog.pg_class.relname = $1::VARCHAR AND pg_catalog.pg_class.relkind = ANY (ARRAY[$2::VARCHAR, $3::VARCHAR, $4::VARCHAR, $5::VARCHAR, $6::VARCHAR]) AND pg_catalog.pg_table_is_visible(pg_catalog.pg_class.oid) AND pg_catalog.pg_namespace.nspname != $7::VARCHAR
2025-06-21 14:44:12 - sqlalchemy.engine.Engine - INFO - [generated in 0.00076s] ('users', 'r', 'p', 'f', 'v', 'm', 'pg_catalog')
2025-06-21 14:44:12 - sqlalchemy.engine.Engine - INFO - SELECT pg_catalog.pg_class.relname 
FROM pg_catalog.pg_class JOIN pg_catalog.pg_namespace ON pg_catalog.pg_namespace.oid = pg_catalog.pg_class.relnamespace 
WHERE pg_catalog.pg_class.relname = $1::VARCHAR AND pg_catalog.pg_class.relkind = ANY (ARRAY[$2::VARCHAR, $3::VARCHAR, $4::VARCHAR, $5::VARCHAR, $6::VARCHAR]) AND pg_catalog.pg_table_is_visible(pg_catalog.pg_class.oid) AND pg_catalog.pg_namespace.nspname != $7::VARCHAR
2025-06-21 14:44:12 - sqlalchemy.engine.Engine - INFO - [cached since 0.004197s ago] ('items', 'r', 'p', 'f', 'v', 'm', 'pg_catalog')
2025-06-21 14:44:12 - sqlalchemy.engine.Engine - INFO - SELECT pg_catalog.pg_class.relname 
FROM pg_catalog.pg_class JOIN pg_catalog.pg_namespace ON pg_catalog.pg_namespace.oid = pg_catalog.pg_class.relnamespace 
WHERE pg_catalog.pg_class.relname = $1::VARCHAR AND pg_catalog.pg_class.relkind = ANY (ARRAY[$2::VARCHAR, $3::VARCHAR, $4::VARCHAR, $5::VARCHAR, $6::VARCHAR]) AND pg_catalog.pg_table_is_visible(pg_catalog.pg_class.oid) AND pg_catalog.pg_namespace.nspname != $7::VARCHAR
2025-06-21 14:44:12 - sqlalchemy.engine.Engine - INFO - [cached since 0.005668s ago] ('categories', 'r', 'p', 'f', 'v', 'm', 'pg_catalog')
2025-06-21 14:44:12 - sqlalchemy.engine.Engine - INFO - SELECT pg_catalog.pg_class.relname 
FROM pg_catalog.pg_class JOIN pg_catalog.pg_namespace ON pg_catalog.pg_namespace.oid = pg_catalog.pg_class.relnamespace 
WHERE pg_catalog.pg_class.relname = $1::VARCHAR AND pg_catalog.pg_class.relkind = ANY (ARRAY[$2::VARCHAR, $3::VARCHAR, $4::VARCHAR, $5::VARCHAR, $6::VARCHAR]) AND pg_catalog.pg_table_is_visible(pg_catalog.pg_class.oid) AND pg_catalog.pg_namespace.nspname != $7::VARCHAR
2025-06-21 14:44:12 - sqlalchemy.engine.Engine - INFO - [cached since 0.006792s ago] ('price_tiers', 'r', 'p', 'f', 'v', 'm', 'pg_catalog')
2025-06-21 14:44:12 - sqlalchemy.engine.Engine - INFO - SELECT pg_catalog.pg_class.relname 
FROM pg_catalog.pg_class JOIN pg_catalog.pg_namespace ON pg_catalog.pg_namespace.oid = pg_catalog.pg_class.relnamespace 
WHERE pg_catalog.pg_class.relname = $1::VARCHAR AND pg_catalog.pg_class.relkind = ANY (ARRAY[$2::VARCHAR, $3::VARCHAR, $4::VARCHAR, $5::VARCHAR, $6::VARCHAR]) AND pg_catalog.pg_table_is_visible(pg_catalog.pg_class.oid) AND pg_catalog.pg_namespace.nspname != $7::VARCHAR
2025-06-21 14:44:12 - sqlalchemy.engine.Engine - INFO - [cached since 0.008547s ago] ('groups', 'r', 'p', 'f', 'v', 'm', 'pg_catalog')
2025-06-21 14:44:12 - sqlalchemy.engine.Engine - INFO - SELECT pg_catalog.pg_class.relname 
FROM pg_catalog.pg_class JOIN pg_catalog.pg_namespace ON pg_catalog.pg_namespace.oid = pg_catalog.pg_class.relnamespace 
WHERE pg_catalog.pg_class.relname = $1::VARCHAR AND pg_catalog.pg_class.relkind = ANY (ARRAY[$2::VARCHAR, $3::VARCHAR, $4::VARCHAR, $5::VARCHAR, $6::VARCHAR]) AND pg_catalog.pg_table_is_visible(pg_catalog.pg_class.oid) AND pg_catalog.pg_namespace.nspname != $7::VARCHAR
2025-06-21 14:44:12 - sqlalchemy.engine.Engine - INFO - [cached since 0.01052s ago] ('group_members', 'r', 'p', 'f', 'v', 'm', 'pg_catalog')
2025-06-21 14:44:12 - sqlalchemy.engine.Engine - INFO - SELECT pg_catalog.pg_class.relname 
FROM pg_catalog.pg_class JOIN pg_catalog.pg_namespace ON pg_catalog.pg_namespace.oid = pg_catalog.pg_class.relnamespace 
WHERE pg_catalog.pg_class.relname = $1::VARCHAR AND pg_catalog.pg_class.relkind = ANY (ARRAY[$2::VARCHAR, $3::VARCHAR, $4::VARCHAR, $5::VARCHAR, $6::VARCHAR]) AND pg_catalog.pg_table_is_visible(pg_catalog.pg_class.oid) AND pg_catalog.pg_namespace.nspname != $7::VARCHAR
2025-06-21 14:44:12 - sqlalchemy.engine.Engine - INFO - [cached since 0.01224s ago] ('social_connections', 'r', 'p', 'f', 'v', 'm', 'pg_catalog')
2025-06-21 14:44:12 - sqlalchemy.engine.Engine - INFO - SELECT pg_catalog.pg_class.relname 
FROM pg_catalog.pg_class JOIN pg_catalog.pg_namespace ON pg_catalog.pg_namespace.oid = pg_catalog.pg_class.relnamespace 
WHERE pg_catalog.pg_class.relname = $1::VARCHAR AND pg_catalog.pg_class.relkind = ANY (ARRAY[$2::VARCHAR, $3::VARCHAR, $4::VARCHAR, $5::VARCHAR, $6::VARCHAR]) AND pg_catalog.pg_table_is_visible(pg_catalog.pg_class.oid) AND pg_catalog.pg_namespace.nspname != $7::VARCHAR
2025-06-21 14:44:12 - sqlalchemy.engine.Engine - INFO - [cached since 0.01322s ago] ('user_item_interactions', 'r', 'p', 'f', 'v', 'm', 'pg_catalog')
2025-06-21 14:44:12 - sqlalchemy.engine.Engine - INFO - SELECT pg_catalog.pg_class.relname 
FROM pg_catalog.pg_class JOIN pg_catalog.pg_namespace ON pg_catalog.pg_namespace.oid = pg_catalog.pg_class.relnamespace 
WHERE pg_catalog.pg_class.relname = $1::VARCHAR AND pg_catalog.pg_class.relkind = ANY (ARRAY[$2::VARCHAR, $3::VARCHAR, $4::VARCHAR, $5::VARCHAR, $6::VARCHAR]) AND pg_catalog.pg_table_is_visible(pg_catalog.pg_class.oid) AND pg_catalog.pg_namespace.nspname != $7::VARCHAR
2025-06-21 14:44:12 - sqlalchemy.engine.Engine - INFO - [cached since 0.01442s ago] ('gbgcn_embeddings', 'r', 'p', 'f', 'v', 'm', 'pg_catalog')
2025-06-21 14:44:12 - sqlalchemy.engine.Engine - INFO - SELECT pg_catalog.pg_class.relname 
FROM pg_catalog.pg_class JOIN pg_catalog.pg_namespace ON pg_catalog.pg_namespace.oid = pg_catalog.pg_class.relnamespace 
WHERE pg_catalog.pg_class.relname = $1::VARCHAR AND pg_catalog.pg_class.relkind = ANY (ARRAY[$2::VARCHAR, $3::VARCHAR, $4::VARCHAR, $5::VARCHAR, $6::VARCHAR]) AND pg_catalog.pg_table_is_visible(pg_catalog.pg_class.oid) AND pg_catalog.pg_namespace.nspname != $7::VARCHAR
2025-06-21 14:44:12 - sqlalchemy.engine.Engine - INFO - [cached since 0.01559s ago] ('group_recommendations', 'r', 'p', 'f', 'v', 'm', 'pg_catalog')
2025-06-21 14:44:12 - sqlalchemy.engine.Engine - INFO - 
CREATE TABLE users (
	id VARCHAR NOT NULL, 
	email VARCHAR(255) NOT NULL, 
	username VARCHAR(100) NOT NULL, 
	password_hash VARCHAR(255) NOT NULL, 
	first_name VARCHAR(100) NOT NULL, 
	last_name VARCHAR(100) NOT NULL, 
	phone VARCHAR(20), 
	avatar_url VARCHAR(500), 
	is_verified BOOLEAN, 
	is_active BOOLEAN, 
	role VARCHAR(20), 
	reputation_score FLOAT, 
	total_groups_created INTEGER, 
	total_groups_joined INTEGER, 
	success_rate FLOAT, 
	created_at TIMESTAMP WITHOUT TIME ZONE, 
	updated_at TIMESTAMP WITHOUT TIME ZONE, 
	last_active TIMESTAMP WITHOUT TIME ZONE, 
	initiator_embedding FLOAT[], 
	participant_embedding FLOAT[], 
	PRIMARY KEY (id)
)


2025-06-21 14:44:12 - sqlalchemy.engine.Engine - INFO - [no key 0.00037s] ()
2025-06-21 14:44:12 - sqlalchemy.engine.Engine - INFO - CREATE UNIQUE INDEX ix_users_email ON users (email)
2025-06-21 14:44:12 - sqlalchemy.engine.Engine - INFO - [no key 0.00061s] ()
2025-06-21 14:44:12 - sqlalchemy.engine.Engine - INFO - CREATE UNIQUE INDEX ix_users_username ON users (username)
2025-06-21 14:44:12 - sqlalchemy.engine.Engine - INFO - [no key 0.00046s] ()
2025-06-21 14:44:12 - sqlalchemy.engine.Engine - INFO - 
CREATE TABLE categories (
	id VARCHAR NOT NULL, 
	name VARCHAR(100) NOT NULL, 
	description TEXT, 
	image_url VARCHAR(500), 
	is_active BOOLEAN, 
	created_at TIMESTAMP WITHOUT TIME ZONE, 
	updated_at TIMESTAMP WITHOUT TIME ZONE, 
	PRIMARY KEY (id), 
	UNIQUE (name)
)


2025-06-21 14:44:12 - sqlalchemy.engine.Engine - INFO - [no key 0.00190s] ()
2025-06-21 14:44:12 - sqlalchemy.engine.Engine - INFO - 
CREATE TABLE gbgcn_embeddings (
	id VARCHAR NOT NULL, 
	entity_type VARCHAR(20) NOT NULL, 
	entity_id VARCHAR NOT NULL, 
	initiator_view_embedding FLOAT[], 
	participant_view_embedding FLOAT[], 
	model_version VARCHAR(50) NOT NULL, 
	embedding_dimension INTEGER, 
	created_at TIMESTAMP WITHOUT TIME ZONE, 
	updated_at TIMESTAMP WITHOUT TIME ZONE, 
	PRIMARY KEY (id), 
	CONSTRAINT unique_entity_embedding UNIQUE (entity_type, entity_id, model_version)
)


2025-06-21 14:44:12 - sqlalchemy.engine.Engine - INFO - [no key 0.00077s] ()
2025-06-21 14:44:12 - sqlalchemy.engine.Engine - INFO - CREATE INDEX idx_embedding_entity ON gbgcn_embeddings (entity_type, entity_id)
2025-06-21 14:44:12 - sqlalchemy.engine.Engine - INFO - [no key 0.00077s] ()
2025-06-21 14:44:12 - sqlalchemy.engine.Engine - INFO - 
CREATE TABLE items (
	id VARCHAR NOT NULL, 
	name VARCHAR(255) NOT NULL, 
	description TEXT, 
	base_price FLOAT NOT NULL, 
	images VARCHAR[], 
	specifications JSON, 
	min_group_size INTEGER, 
	max_group_size INTEGER, 
	category_id VARCHAR, 
	brand VARCHAR(100), 
	model VARCHAR(100), 
	is_active BOOLEAN, 
	is_group_buyable BOOLEAN, 
	created_at TIMESTAMP WITHOUT TIME ZONE, 
	updated_at TIMESTAMP WITHOUT TIME ZONE, 
	item_embedding FLOAT[], 
	PRIMARY KEY (id), 
	FOREIGN KEY(category_id) REFERENCES categories (id)
)


2025-06-21 14:44:12 - sqlalchemy.engine.Engine - INFO - [no key 0.00057s] ()
2025-06-21 14:44:12 - sqlalchemy.engine.Engine - INFO - CREATE INDEX ix_items_name ON items (name)
2025-06-21 14:44:12 - sqlalchemy.engine.Engine - INFO - [no key 0.00083s] ()
2025-06-21 14:44:12 - sqlalchemy.engine.Engine - INFO - 
CREATE TABLE social_connections (
	id VARCHAR NOT NULL, 
	user_id VARCHAR NOT NULL, 
	friend_id VARCHAR NOT NULL, 
	connection_strength FLOAT, 
	interaction_frequency FLOAT, 
	connection_type VARCHAR(50), 
	is_mutual BOOLEAN, 
	created_at TIMESTAMP WITHOUT TIME ZONE, 
	last_interaction TIMESTAMP WITHOUT TIME ZONE, 
	PRIMARY KEY (id), 
	CONSTRAINT unique_user_friend UNIQUE (user_id, friend_id), 
	FOREIGN KEY(user_id) REFERENCES users (id), 
	FOREIGN KEY(friend_id) REFERENCES users (id)
)


2025-06-21 14:44:12 - sqlalchemy.engine.Engine - INFO - [no key 0.00055s] ()
2025-06-21 14:44:12 - sqlalchemy.engine.Engine - INFO - CREATE INDEX idx_social_user_friend ON social_connections (user_id, friend_id)
2025-06-21 14:44:12 - sqlalchemy.engine.Engine - INFO - [no key 0.00065s] ()
2025-06-21 14:44:12 - sqlalchemy.engine.Engine - INFO - 
CREATE TABLE price_tiers (
	id VARCHAR NOT NULL, 
	item_id VARCHAR, 
	min_quantity INTEGER NOT NULL, 
	max_quantity INTEGER, 
	discount_percentage FLOAT NOT NULL, 
	final_price FLOAT NOT NULL, 
	PRIMARY KEY (id), 
	FOREIGN KEY(item_id) REFERENCES items (id) ON DELETE CASCADE
)


2025-06-21 14:44:12 - sqlalchemy.engine.Engine - INFO - [no key 0.00067s] ()
2025-06-21 14:44:12 - sqlalchemy.engine.Engine - INFO - 
CREATE TABLE groups (
	id VARCHAR NOT NULL, 
	title VARCHAR(255) NOT NULL, 
	description TEXT, 
	target_quantity INTEGER NOT NULL, 
	current_quantity INTEGER, 
	min_participants INTEGER, 
	status VARCHAR(20), 
	end_date TIMESTAMP WITHOUT TIME ZONE NOT NULL, 
	delivery_address TEXT, 
	estimated_delivery_date TIMESTAMP WITHOUT TIME ZONE, 
	current_price_per_unit FLOAT, 
	total_amount FLOAT, 
	creator_id VARCHAR NOT NULL, 
	item_id VARCHAR NOT NULL, 
	created_at TIMESTAMP WITHOUT TIME ZONE, 
	updated_at TIMESTAMP WITHOUT TIME ZONE, 
	success_probability FLOAT, 
	social_influence_score FLOAT, 
	PRIMARY KEY (id), 
	FOREIGN KEY(creator_id) REFERENCES users (id), 
	FOREIGN KEY(item_id) REFERENCES items (id)
)


2025-06-21 14:44:12 - sqlalchemy.engine.Engine - INFO - [no key 0.00044s] ()
2025-06-21 14:44:12 - sqlalchemy.engine.Engine - INFO - CREATE INDEX ix_groups_created_at ON groups (created_at)
2025-06-21 14:44:12 - sqlalchemy.engine.Engine - INFO - [no key 0.00067s] ()
2025-06-21 14:44:12 - sqlalchemy.engine.Engine - INFO - CREATE INDEX idx_group_status_created ON groups (status, created_at)
2025-06-21 14:44:12 - sqlalchemy.engine.Engine - INFO - [no key 0.00086s] ()
2025-06-21 14:44:12 - sqlalchemy.engine.Engine - INFO - CREATE INDEX ix_groups_status ON groups (status)
2025-06-21 14:44:12 - sqlalchemy.engine.Engine - INFO - [no key 0.00064s] ()
2025-06-21 14:44:12 - sqlalchemy.engine.Engine - INFO - CREATE INDEX idx_group_item_status ON groups (item_id, status)
2025-06-21 14:44:12 - sqlalchemy.engine.Engine - INFO - [no key 0.00077s] ()
2025-06-21 14:44:12 - sqlalchemy.engine.Engine - INFO - 
CREATE TABLE group_recommendations (
	id VARCHAR NOT NULL, 
	user_id VARCHAR NOT NULL, 
	item_id VARCHAR NOT NULL, 
	recommendation_score FLOAT NOT NULL, 
	success_probability FLOAT, 
	social_influence_score FLOAT, 
	recommendation_type VARCHAR(50), 
	target_group_size INTEGER, 
	predicted_price FLOAT, 
	model_version VARCHAR(50), 
	created_at TIMESTAMP WITHOUT TIME ZONE, 
	PRIMARY KEY (id), 
	FOREIGN KEY(user_id) REFERENCES users (id), 
	FOREIGN KEY(item_id) REFERENCES items (id)
)


2025-06-21 14:44:12 - sqlalchemy.engine.Engine - INFO - [no key 0.00084s] ()
2025-06-21 14:44:12 - sqlalchemy.engine.Engine - INFO - CREATE INDEX ix_group_recommendations_created_at ON group_recommendations (created_at)
2025-06-21 14:44:12 - sqlalchemy.engine.Engine - INFO - [no key 0.00073s] ()
2025-06-21 14:44:13 - sqlalchemy.engine.Engine - INFO - CREATE INDEX idx_recommendation_time ON group_recommendations (created_at)
2025-06-21 14:44:13 - sqlalchemy.engine.Engine - INFO - [no key 0.00065s] ()
2025-06-21 14:44:13 - sqlalchemy.engine.Engine - INFO - CREATE INDEX idx_user_recommendations ON group_recommendations (user_id, recommendation_score)
2025-06-21 14:44:13 - sqlalchemy.engine.Engine - INFO - [no key 0.00040s] ()
2025-06-21 14:44:13 - sqlalchemy.engine.Engine - INFO - 
CREATE TABLE group_members (
	id VARCHAR NOT NULL, 
	user_id VARCHAR NOT NULL, 
	group_id VARCHAR NOT NULL, 
	quantity INTEGER, 
	status VARCHAR(20), 
	is_initiator BOOLEAN, 
	social_influence_received FLOAT, 
	influence_from_friends INTEGER, 
	joined_at TIMESTAMP WITHOUT TIME ZONE, 
	confirmed_at TIMESTAMP WITHOUT TIME ZONE, 
	updated_at TIMESTAMP WITHOUT TIME ZONE, 
	PRIMARY KEY (id), 
	CONSTRAINT unique_user_group UNIQUE (user_id, group_id), 
	FOREIGN KEY(user_id) REFERENCES users (id), 
	FOREIGN KEY(group_id) REFERENCES groups (id) ON DELETE CASCADE
)


2025-06-21 14:44:13 - sqlalchemy.engine.Engine - INFO - [no key 0.00103s] ()
2025-06-21 14:44:13 - sqlalchemy.engine.Engine - INFO - CREATE INDEX idx_group_member_status ON group_members (group_id, status)
2025-06-21 14:44:13 - sqlalchemy.engine.Engine - INFO - [no key 0.00069s] ()
2025-06-21 14:44:13 - sqlalchemy.engine.Engine - INFO - 
CREATE TABLE user_item_interactions (
	id VARCHAR NOT NULL, 
	user_id VARCHAR NOT NULL, 
	item_id VARCHAR NOT NULL, 
	interaction_type VARCHAR(20) NOT NULL, 
	interaction_value FLOAT, 
	group_id VARCHAR, 
	session_id VARCHAR(100), 
	device_type VARCHAR(50), 
	created_at TIMESTAMP WITHOUT TIME ZONE, 
	PRIMARY KEY (id), 
	FOREIGN KEY(user_id) REFERENCES users (id), 
	FOREIGN KEY(item_id) REFERENCES items (id), 
	FOREIGN KEY(group_id) REFERENCES groups (id)
)


2025-06-21 14:44:13 - sqlalchemy.engine.Engine - INFO - [no key 0.00071s] ()
2025-06-21 14:44:13 - sqlalchemy.engine.Engine - INFO - CREATE INDEX ix_user_item_interactions_created_at ON user_item_interactions (created_at)
2025-06-21 14:44:13 - sqlalchemy.engine.Engine - INFO - [no key 0.00084s] ()
2025-06-21 14:44:13 - sqlalchemy.engine.Engine - INFO - CREATE INDEX idx_user_item_interaction ON user_item_interactions (user_id, item_id, interaction_type)
2025-06-21 14:44:13 - sqlalchemy.engine.Engine - INFO - [no key 0.00075s] ()
2025-06-21 14:44:13 - sqlalchemy.engine.Engine - INFO - CREATE INDEX idx_interaction_time ON user_item_interactions (created_at)
2025-06-21 14:44:13 - sqlalchemy.engine.Engine - INFO - [no key 0.00076s] ()
2025-06-21 14:44:13 - sqlalchemy.engine.Engine - INFO - COMMIT
2025-06-21 14:44:13 - groupbuy - INFO - Database initialized
2025-06-21 14:44:13 - groupbuy.model - INFO - GBGCNTrainer initialized - Device: cpu
2025-06-21 14:44:13 - sqlalchemy.engine.Engine - INFO - BEGIN (implicit)
2025-06-21 14:44:13 - sqlalchemy.engine.Engine - INFO - SELECT count(users.id) AS count_1 
FROM users
2025-06-21 14:44:13 - sqlalchemy.engine.Engine - INFO - [generated in 0.00088s] ()
2025-06-21 14:44:13 - sqlalchemy.engine.Engine - INFO - SELECT count(items.id) AS count_1 
FROM items
2025-06-21 14:44:13 - sqlalchemy.engine.Engine - INFO - [generated in 0.00071s] ()
2025-06-21 14:44:13 - sqlalchemy.engine.Engine - INFO - SELECT count(groups.id) AS count_1 
FROM groups
2025-06-21 14:44:13 - sqlalchemy.engine.Engine - INFO - [generated in 0.00069s] ()
2025-06-21 14:44:13 - sqlalchemy.engine.Engine - INFO - SELECT count(user_item_interactions.id) AS count_1 
FROM user_item_interactions
2025-06-21 14:44:13 - sqlalchemy.engine.Engine - INFO - [generated in 0.00080s] ()
2025-06-21 14:44:13 - groupbuy.model - INFO - Created new GBGCN model - Users: 1000, Items: 500
2025-06-21 14:44:13 - groupbuy.model - INFO - GBGCN trainer initialized successfully
2025-06-21 14:44:13 - groupbuy - INFO - GBGCN model initialized successfully
2025-06-21 14:44:13 - sqlalchemy.engine.Engine - INFO - ROLLBACK
2025-06-21 15:25:55 - groupbuy - INFO - Shutting down Group Buying API...
2025-06-21 15:25:55 - groupbuy.model - INFO - Model saved to /app/models/gbgcn_model.pth
2025-06-21 15:30:51 - groupbuy - INFO - Logging initialized - Level: INFO
2025-06-21 15:30:51 - groupbuy - INFO - Log file: logs/groupbuy_20250621.log
2025-06-21 15:30:51 - groupbuy - INFO - Starting Group Buying API based on GBGCN...
2025-06-21 15:30:52 - sqlalchemy.engine.Engine - INFO - select pg_catalog.version()
2025-06-21 15:30:52 - sqlalchemy.engine.Engine - INFO - [raw sql] ()
2025-06-21 15:30:52 - sqlalchemy.engine.Engine - INFO - select current_schema()
2025-06-21 15:30:52 - sqlalchemy.engine.Engine - INFO - [raw sql] ()
2025-06-21 15:30:52 - sqlalchemy.engine.Engine - INFO - show standard_conforming_strings
2025-06-21 15:30:52 - sqlalchemy.engine.Engine - INFO - [raw sql] ()
2025-06-21 15:30:52 - sqlalchemy.engine.Engine - INFO - BEGIN (implicit)
2025-06-21 15:30:52 - sqlalchemy.engine.Engine - INFO - SELECT pg_catalog.pg_class.relname 
FROM pg_catalog.pg_class JOIN pg_catalog.pg_namespace ON pg_catalog.pg_namespace.oid = pg_catalog.pg_class.relnamespace 
WHERE pg_catalog.pg_class.relname = $1::VARCHAR AND pg_catalog.pg_class.relkind = ANY (ARRAY[$2::VARCHAR, $3::VARCHAR, $4::VARCHAR, $5::VARCHAR, $6::VARCHAR]) AND pg_catalog.pg_table_is_visible(pg_catalog.pg_class.oid) AND pg_catalog.pg_namespace.nspname != $7::VARCHAR
2025-06-21 15:30:52 - sqlalchemy.engine.Engine - INFO - [generated in 0.00086s] ('users', 'r', 'p', 'f', 'v', 'm', 'pg_catalog')
2025-06-21 15:30:52 - sqlalchemy.engine.Engine - INFO - SELECT pg_catalog.pg_class.relname 
FROM pg_catalog.pg_class JOIN pg_catalog.pg_namespace ON pg_catalog.pg_namespace.oid = pg_catalog.pg_class.relnamespace 
WHERE pg_catalog.pg_class.relname = $1::VARCHAR AND pg_catalog.pg_class.relkind = ANY (ARRAY[$2::VARCHAR, $3::VARCHAR, $4::VARCHAR, $5::VARCHAR, $6::VARCHAR]) AND pg_catalog.pg_table_is_visible(pg_catalog.pg_class.oid) AND pg_catalog.pg_namespace.nspname != $7::VARCHAR
2025-06-21 15:30:52 - sqlalchemy.engine.Engine - INFO - [cached since 0.009599s ago] ('items', 'r', 'p', 'f', 'v', 'm', 'pg_catalog')
2025-06-21 15:30:52 - sqlalchemy.engine.Engine - INFO - SELECT pg_catalog.pg_class.relname 
FROM pg_catalog.pg_class JOIN pg_catalog.pg_namespace ON pg_catalog.pg_namespace.oid = pg_catalog.pg_class.relnamespace 
WHERE pg_catalog.pg_class.relname = $1::VARCHAR AND pg_catalog.pg_class.relkind = ANY (ARRAY[$2::VARCHAR, $3::VARCHAR, $4::VARCHAR, $5::VARCHAR, $6::VARCHAR]) AND pg_catalog.pg_table_is_visible(pg_catalog.pg_class.oid) AND pg_catalog.pg_namespace.nspname != $7::VARCHAR
2025-06-21 15:30:52 - sqlalchemy.engine.Engine - INFO - [cached since 0.01159s ago] ('categories', 'r', 'p', 'f', 'v', 'm', 'pg_catalog')
2025-06-21 15:30:52 - sqlalchemy.engine.Engine - INFO - SELECT pg_catalog.pg_class.relname 
FROM pg_catalog.pg_class JOIN pg_catalog.pg_namespace ON pg_catalog.pg_namespace.oid = pg_catalog.pg_class.relnamespace 
WHERE pg_catalog.pg_class.relname = $1::VARCHAR AND pg_catalog.pg_class.relkind = ANY (ARRAY[$2::VARCHAR, $3::VARCHAR, $4::VARCHAR, $5::VARCHAR, $6::VARCHAR]) AND pg_catalog.pg_table_is_visible(pg_catalog.pg_class.oid) AND pg_catalog.pg_namespace.nspname != $7::VARCHAR
2025-06-21 15:30:52 - sqlalchemy.engine.Engine - INFO - [cached since 0.01279s ago] ('price_tiers', 'r', 'p', 'f', 'v', 'm', 'pg_catalog')
2025-06-21 15:30:52 - sqlalchemy.engine.Engine - INFO - SELECT pg_catalog.pg_class.relname 
FROM pg_catalog.pg_class JOIN pg_catalog.pg_namespace ON pg_catalog.pg_namespace.oid = pg_catalog.pg_class.relnamespace 
WHERE pg_catalog.pg_class.relname = $1::VARCHAR AND pg_catalog.pg_class.relkind = ANY (ARRAY[$2::VARCHAR, $3::VARCHAR, $4::VARCHAR, $5::VARCHAR, $6::VARCHAR]) AND pg_catalog.pg_table_is_visible(pg_catalog.pg_class.oid) AND pg_catalog.pg_namespace.nspname != $7::VARCHAR
2025-06-21 15:30:52 - sqlalchemy.engine.Engine - INFO - [cached since 0.0137s ago] ('groups', 'r', 'p', 'f', 'v', 'm', 'pg_catalog')
2025-06-21 15:30:52 - sqlalchemy.engine.Engine - INFO - SELECT pg_catalog.pg_class.relname 
FROM pg_catalog.pg_class JOIN pg_catalog.pg_namespace ON pg_catalog.pg_namespace.oid = pg_catalog.pg_class.relnamespace 
WHERE pg_catalog.pg_class.relname = $1::VARCHAR AND pg_catalog.pg_class.relkind = ANY (ARRAY[$2::VARCHAR, $3::VARCHAR, $4::VARCHAR, $5::VARCHAR, $6::VARCHAR]) AND pg_catalog.pg_table_is_visible(pg_catalog.pg_class.oid) AND pg_catalog.pg_namespace.nspname != $7::VARCHAR
2025-06-21 15:30:52 - sqlalchemy.engine.Engine - INFO - [cached since 0.01452s ago] ('group_members', 'r', 'p', 'f', 'v', 'm', 'pg_catalog')
2025-06-21 15:30:52 - sqlalchemy.engine.Engine - INFO - SELECT pg_catalog.pg_class.relname 
FROM pg_catalog.pg_class JOIN pg_catalog.pg_namespace ON pg_catalog.pg_namespace.oid = pg_catalog.pg_class.relnamespace 
WHERE pg_catalog.pg_class.relname = $1::VARCHAR AND pg_catalog.pg_class.relkind = ANY (ARRAY[$2::VARCHAR, $3::VARCHAR, $4::VARCHAR, $5::VARCHAR, $6::VARCHAR]) AND pg_catalog.pg_table_is_visible(pg_catalog.pg_class.oid) AND pg_catalog.pg_namespace.nspname != $7::VARCHAR
2025-06-21 15:30:52 - sqlalchemy.engine.Engine - INFO - [cached since 0.01571s ago] ('social_connections', 'r', 'p', 'f', 'v', 'm', 'pg_catalog')
2025-06-21 15:30:52 - sqlalchemy.engine.Engine - INFO - SELECT pg_catalog.pg_class.relname 
FROM pg_catalog.pg_class JOIN pg_catalog.pg_namespace ON pg_catalog.pg_namespace.oid = pg_catalog.pg_class.relnamespace 
WHERE pg_catalog.pg_class.relname = $1::VARCHAR AND pg_catalog.pg_class.relkind = ANY (ARRAY[$2::VARCHAR, $3::VARCHAR, $4::VARCHAR, $5::VARCHAR, $6::VARCHAR]) AND pg_catalog.pg_table_is_visible(pg_catalog.pg_class.oid) AND pg_catalog.pg_namespace.nspname != $7::VARCHAR
2025-06-21 15:30:52 - sqlalchemy.engine.Engine - INFO - [cached since 0.01669s ago] ('user_item_interactions', 'r', 'p', 'f', 'v', 'm', 'pg_catalog')
2025-06-21 15:30:52 - sqlalchemy.engine.Engine - INFO - SELECT pg_catalog.pg_class.relname 
FROM pg_catalog.pg_class JOIN pg_catalog.pg_namespace ON pg_catalog.pg_namespace.oid = pg_catalog.pg_class.relnamespace 
WHERE pg_catalog.pg_class.relname = $1::VARCHAR AND pg_catalog.pg_class.relkind = ANY (ARRAY[$2::VARCHAR, $3::VARCHAR, $4::VARCHAR, $5::VARCHAR, $6::VARCHAR]) AND pg_catalog.pg_table_is_visible(pg_catalog.pg_class.oid) AND pg_catalog.pg_namespace.nspname != $7::VARCHAR
2025-06-21 15:30:52 - sqlalchemy.engine.Engine - INFO - [cached since 0.01781s ago] ('gbgcn_embeddings', 'r', 'p', 'f', 'v', 'm', 'pg_catalog')
2025-06-21 15:30:52 - sqlalchemy.engine.Engine - INFO - SELECT pg_catalog.pg_class.relname 
FROM pg_catalog.pg_class JOIN pg_catalog.pg_namespace ON pg_catalog.pg_namespace.oid = pg_catalog.pg_class.relnamespace 
WHERE pg_catalog.pg_class.relname = $1::VARCHAR AND pg_catalog.pg_class.relkind = ANY (ARRAY[$2::VARCHAR, $3::VARCHAR, $4::VARCHAR, $5::VARCHAR, $6::VARCHAR]) AND pg_catalog.pg_table_is_visible(pg_catalog.pg_class.oid) AND pg_catalog.pg_namespace.nspname != $7::VARCHAR
2025-06-21 15:30:52 - sqlalchemy.engine.Engine - INFO - [cached since 0.01885s ago] ('group_recommendations', 'r', 'p', 'f', 'v', 'm', 'pg_catalog')
2025-06-21 15:30:52 - sqlalchemy.engine.Engine - INFO - COMMIT
2025-06-21 15:30:52 - groupbuy - INFO - Database initialized
2025-06-21 15:30:52 - groupbuy.model - INFO - GBGCNTrainer initialized - Device: cpu
2025-06-21 15:30:52 - sqlalchemy.engine.Engine - INFO - BEGIN (implicit)
2025-06-21 15:30:52 - sqlalchemy.engine.Engine - INFO - SELECT count(users.id) AS count_1 
FROM users
2025-06-21 15:30:52 - sqlalchemy.engine.Engine - INFO - [generated in 0.00044s] ()
2025-06-21 15:30:52 - sqlalchemy.engine.Engine - INFO - SELECT count(items.id) AS count_1 
FROM items
2025-06-21 15:30:52 - sqlalchemy.engine.Engine - INFO - [generated in 0.00051s] ()
2025-06-21 15:30:52 - sqlalchemy.engine.Engine - INFO - SELECT count(groups.id) AS count_1 
FROM groups
2025-06-21 15:30:52 - sqlalchemy.engine.Engine - INFO - [generated in 0.00068s] ()
2025-06-21 15:30:52 - sqlalchemy.engine.Engine - INFO - SELECT count(user_item_interactions.id) AS count_1 
FROM user_item_interactions
2025-06-21 15:30:52 - sqlalchemy.engine.Engine - INFO - [generated in 0.00045s] ()
2025-06-21 15:30:52 - groupbuy.model - INFO - Loaded GBGCN model from /app/models/gbgcn_model.pth
2025-06-21 15:30:52 - groupbuy.model - INFO - GBGCN trainer initialized successfully
2025-06-21 15:30:52 - groupbuy - INFO - GBGCN model initialized successfully
2025-06-21 15:30:52 - sqlalchemy.engine.Engine - INFO - ROLLBACK
2025-06-21 15:34:04 - groupbuy - INFO - Shutting down Group Buying API...
2025-06-21 15:34:04 - groupbuy.model - INFO - Model saved to /app/models/gbgcn_model.pth
2025-06-21 15:34:09 - groupbuy - INFO - Logging initialized - Level: INFO
2025-06-21 15:34:09 - groupbuy - INFO - Log file: logs/groupbuy_20250621.log
2025-06-21 15:34:09 - groupbuy - INFO - Starting Group Buying API based on GBGCN...
2025-06-21 15:34:09 - sqlalchemy.engine.Engine - INFO - select pg_catalog.version()
2025-06-21 15:34:09 - sqlalchemy.engine.Engine - INFO - [raw sql] ()
2025-06-21 15:34:09 - sqlalchemy.engine.Engine - INFO - select current_schema()
2025-06-21 15:34:09 - sqlalchemy.engine.Engine - INFO - [raw sql] ()
2025-06-21 15:34:09 - sqlalchemy.engine.Engine - INFO - show standard_conforming_strings
2025-06-21 15:34:09 - sqlalchemy.engine.Engine - INFO - [raw sql] ()
2025-06-21 15:34:09 - sqlalchemy.engine.Engine - INFO - BEGIN (implicit)
2025-06-21 15:34:09 - sqlalchemy.engine.Engine - INFO - SELECT pg_catalog.pg_class.relname 
FROM pg_catalog.pg_class JOIN pg_catalog.pg_namespace ON pg_catalog.pg_namespace.oid = pg_catalog.pg_class.relnamespace 
WHERE pg_catalog.pg_class.relname = $1::VARCHAR AND pg_catalog.pg_class.relkind = ANY (ARRAY[$2::VARCHAR, $3::VARCHAR, $4::VARCHAR, $5::VARCHAR, $6::VARCHAR]) AND pg_catalog.pg_table_is_visible(pg_catalog.pg_class.oid) AND pg_catalog.pg_namespace.nspname != $7::VARCHAR
2025-06-21 15:34:09 - sqlalchemy.engine.Engine - INFO - [generated in 0.00085s] ('users', 'r', 'p', 'f', 'v', 'm', 'pg_catalog')
2025-06-21 15:34:09 - sqlalchemy.engine.Engine - INFO - SELECT pg_catalog.pg_class.relname 
FROM pg_catalog.pg_class JOIN pg_catalog.pg_namespace ON pg_catalog.pg_namespace.oid = pg_catalog.pg_class.relnamespace 
WHERE pg_catalog.pg_class.relname = $1::VARCHAR AND pg_catalog.pg_class.relkind = ANY (ARRAY[$2::VARCHAR, $3::VARCHAR, $4::VARCHAR, $5::VARCHAR, $6::VARCHAR]) AND pg_catalog.pg_table_is_visible(pg_catalog.pg_class.oid) AND pg_catalog.pg_namespace.nspname != $7::VARCHAR
2025-06-21 15:34:09 - sqlalchemy.engine.Engine - INFO - [cached since 0.003989s ago] ('items', 'r', 'p', 'f', 'v', 'm', 'pg_catalog')
2025-06-21 15:34:09 - sqlalchemy.engine.Engine - INFO - SELECT pg_catalog.pg_class.relname 
FROM pg_catalog.pg_class JOIN pg_catalog.pg_namespace ON pg_catalog.pg_namespace.oid = pg_catalog.pg_class.relnamespace 
WHERE pg_catalog.pg_class.relname = $1::VARCHAR AND pg_catalog.pg_class.relkind = ANY (ARRAY[$2::VARCHAR, $3::VARCHAR, $4::VARCHAR, $5::VARCHAR, $6::VARCHAR]) AND pg_catalog.pg_table_is_visible(pg_catalog.pg_class.oid) AND pg_catalog.pg_namespace.nspname != $7::VARCHAR
2025-06-21 15:34:09 - sqlalchemy.engine.Engine - INFO - [cached since 0.005439s ago] ('categories', 'r', 'p', 'f', 'v', 'm', 'pg_catalog')
2025-06-21 15:34:09 - sqlalchemy.engine.Engine - INFO - SELECT pg_catalog.pg_class.relname 
FROM pg_catalog.pg_class JOIN pg_catalog.pg_namespace ON pg_catalog.pg_namespace.oid = pg_catalog.pg_class.relnamespace 
WHERE pg_catalog.pg_class.relname = $1::VARCHAR AND pg_catalog.pg_class.relkind = ANY (ARRAY[$2::VARCHAR, $3::VARCHAR, $4::VARCHAR, $5::VARCHAR, $6::VARCHAR]) AND pg_catalog.pg_table_is_visible(pg_catalog.pg_class.oid) AND pg_catalog.pg_namespace.nspname != $7::VARCHAR
2025-06-21 15:34:09 - sqlalchemy.engine.Engine - INFO - [cached since 0.006763s ago] ('price_tiers', 'r', 'p', 'f', 'v', 'm', 'pg_catalog')
2025-06-21 15:34:09 - sqlalchemy.engine.Engine - INFO - SELECT pg_catalog.pg_class.relname 
FROM pg_catalog.pg_class JOIN pg_catalog.pg_namespace ON pg_catalog.pg_namespace.oid = pg_catalog.pg_class.relnamespace 
WHERE pg_catalog.pg_class.relname = $1::VARCHAR AND pg_catalog.pg_class.relkind = ANY (ARRAY[$2::VARCHAR, $3::VARCHAR, $4::VARCHAR, $5::VARCHAR, $6::VARCHAR]) AND pg_catalog.pg_table_is_visible(pg_catalog.pg_class.oid) AND pg_catalog.pg_namespace.nspname != $7::VARCHAR
2025-06-21 15:34:09 - sqlalchemy.engine.Engine - INFO - [cached since 0.008015s ago] ('groups', 'r', 'p', 'f', 'v', 'm', 'pg_catalog')
2025-06-21 15:34:09 - sqlalchemy.engine.Engine - INFO - SELECT pg_catalog.pg_class.relname 
FROM pg_catalog.pg_class JOIN pg_catalog.pg_namespace ON pg_catalog.pg_namespace.oid = pg_catalog.pg_class.relnamespace 
WHERE pg_catalog.pg_class.relname = $1::VARCHAR AND pg_catalog.pg_class.relkind = ANY (ARRAY[$2::VARCHAR, $3::VARCHAR, $4::VARCHAR, $5::VARCHAR, $6::VARCHAR]) AND pg_catalog.pg_table_is_visible(pg_catalog.pg_class.oid) AND pg_catalog.pg_namespace.nspname != $7::VARCHAR
2025-06-21 15:34:09 - sqlalchemy.engine.Engine - INFO - [cached since 0.009466s ago] ('group_members', 'r', 'p', 'f', 'v', 'm', 'pg_catalog')
2025-06-21 15:34:09 - sqlalchemy.engine.Engine - INFO - SELECT pg_catalog.pg_class.relname 
FROM pg_catalog.pg_class JOIN pg_catalog.pg_namespace ON pg_catalog.pg_namespace.oid = pg_catalog.pg_class.relnamespace 
WHERE pg_catalog.pg_class.relname = $1::VARCHAR AND pg_catalog.pg_class.relkind = ANY (ARRAY[$2::VARCHAR, $3::VARCHAR, $4::VARCHAR, $5::VARCHAR, $6::VARCHAR]) AND pg_catalog.pg_table_is_visible(pg_catalog.pg_class.oid) AND pg_catalog.pg_namespace.nspname != $7::VARCHAR
2025-06-21 15:34:09 - sqlalchemy.engine.Engine - INFO - [cached since 0.01079s ago] ('social_connections', 'r', 'p', 'f', 'v', 'm', 'pg_catalog')
2025-06-21 15:34:09 - sqlalchemy.engine.Engine - INFO - SELECT pg_catalog.pg_class.relname 
FROM pg_catalog.pg_class JOIN pg_catalog.pg_namespace ON pg_catalog.pg_namespace.oid = pg_catalog.pg_class.relnamespace 
WHERE pg_catalog.pg_class.relname = $1::VARCHAR AND pg_catalog.pg_class.relkind = ANY (ARRAY[$2::VARCHAR, $3::VARCHAR, $4::VARCHAR, $5::VARCHAR, $6::VARCHAR]) AND pg_catalog.pg_table_is_visible(pg_catalog.pg_class.oid) AND pg_catalog.pg_namespace.nspname != $7::VARCHAR
2025-06-21 15:34:09 - sqlalchemy.engine.Engine - INFO - [cached since 0.01193s ago] ('user_item_interactions', 'r', 'p', 'f', 'v', 'm', 'pg_catalog')
2025-06-21 15:34:09 - sqlalchemy.engine.Engine - INFO - SELECT pg_catalog.pg_class.relname 
FROM pg_catalog.pg_class JOIN pg_catalog.pg_namespace ON pg_catalog.pg_namespace.oid = pg_catalog.pg_class.relnamespace 
WHERE pg_catalog.pg_class.relname = $1::VARCHAR AND pg_catalog.pg_class.relkind = ANY (ARRAY[$2::VARCHAR, $3::VARCHAR, $4::VARCHAR, $5::VARCHAR, $6::VARCHAR]) AND pg_catalog.pg_table_is_visible(pg_catalog.pg_class.oid) AND pg_catalog.pg_namespace.nspname != $7::VARCHAR
2025-06-21 15:34:09 - sqlalchemy.engine.Engine - INFO - [cached since 0.01309s ago] ('gbgcn_embeddings', 'r', 'p', 'f', 'v', 'm', 'pg_catalog')
2025-06-21 15:34:09 - sqlalchemy.engine.Engine - INFO - SELECT pg_catalog.pg_class.relname 
FROM pg_catalog.pg_class JOIN pg_catalog.pg_namespace ON pg_catalog.pg_namespace.oid = pg_catalog.pg_class.relnamespace 
WHERE pg_catalog.pg_class.relname = $1::VARCHAR AND pg_catalog.pg_class.relkind = ANY (ARRAY[$2::VARCHAR, $3::VARCHAR, $4::VARCHAR, $5::VARCHAR, $6::VARCHAR]) AND pg_catalog.pg_table_is_visible(pg_catalog.pg_class.oid) AND pg_catalog.pg_namespace.nspname != $7::VARCHAR
2025-06-21 15:34:09 - sqlalchemy.engine.Engine - INFO - [cached since 0.01395s ago] ('group_recommendations', 'r', 'p', 'f', 'v', 'm', 'pg_catalog')
2025-06-21 15:34:09 - sqlalchemy.engine.Engine - INFO - COMMIT
2025-06-21 15:34:09 - groupbuy - INFO - Database initialized
2025-06-21 15:34:09 - groupbuy.model - INFO - GBGCNTrainer initialized - Device: cpu
2025-06-21 15:34:09 - sqlalchemy.engine.Engine - INFO - BEGIN (implicit)
2025-06-21 15:34:10 - sqlalchemy.engine.Engine - INFO - SELECT count(users.id) AS count_1 
FROM users
2025-06-21 15:34:10 - sqlalchemy.engine.Engine - INFO - [generated in 0.00097s] ()
2025-06-21 15:34:10 - sqlalchemy.engine.Engine - INFO - SELECT count(items.id) AS count_1 
FROM items
2025-06-21 15:34:10 - sqlalchemy.engine.Engine - INFO - [generated in 0.00067s] ()
2025-06-21 15:34:10 - sqlalchemy.engine.Engine - INFO - SELECT count(groups.id) AS count_1 
FROM groups
2025-06-21 15:34:10 - sqlalchemy.engine.Engine - INFO - [generated in 0.00064s] ()
2025-06-21 15:34:10 - sqlalchemy.engine.Engine - INFO - SELECT count(user_item_interactions.id) AS count_1 
FROM user_item_interactions
2025-06-21 15:34:10 - sqlalchemy.engine.Engine - INFO - [generated in 0.00059s] ()
2025-06-21 15:34:10 - groupbuy.model - INFO - Loaded GBGCN model from /app/models/gbgcn_model.pth
2025-06-21 15:34:10 - groupbuy.model - INFO - GBGCN trainer initialized successfully
2025-06-21 15:34:10 - groupbuy - INFO - GBGCN model initialized successfully
2025-06-21 15:34:10 - sqlalchemy.engine.Engine - INFO - ROLLBACK
